<?xml version="1.0" encoding="UTF-8"?>
<!-- Generated by org.testng.reporters.JUnitReportReporter -->
<testsuite hostname="Rajiv" failures="0" tests="1" name="roughWork2.Maruti" time="0.018" errors="0" timestamp="15 Jan 2022 07:21:55 GMT" skipped="0">
  <testcase classname="roughWork2.Maruti" name="T1" time="0.018"/>
</testsuite> <!-- roughWork2.Maruti -->
