<?xml version="1.0" encoding="UTF-8"?>
<!-- Generated by org.testng.reporters.JUnitReportReporter -->
<testsuite hostname="Rajiv" failures="0" tests="2" name="com.restAssured.BDD.ResqResponseDemo" time="3.880" errors="0" timestamp="02 Jan 2022 05:45:58 GMT" skipped="1">
  <testcase classname="com.restAssured.BDD.ResqResponseDemo" name="GetTest1" time="3.880"/>
  <testcase classname="com.restAssured.BDD.ResqResponseDemo" name="GetTest2">
    <skipped/>
  </testcase> <!-- GetTest2 -->
</testsuite> <!-- com.restAssured.BDD.ResqResponseDemo -->
