<?xml version="1.0" encoding="UTF-8"?>
<!-- Generated by org.testng.reporters.JUnitReportReporter -->
<testsuite hostname="Rajiv" failures="0" tests="6" name="com.restAssured.BDD.ResponseBodyValidation" time="5.271" errors="0" timestamp="02 Jan 2022 06:14:02 GMT" skipped="0">
  <testcase classname="com.restAssured.BDD.ResponseBodyValidation" name="hasSizeValidation" time="0.216"/>
  <testcase classname="com.restAssured.BDD.ResponseBodyValidation" name="hasEntryValidation" time="0.340"/>
  <testcase classname="com.restAssured.BDD.ResponseBodyValidation" name="responseValidation" time="0.325"/>
  <testcase classname="com.restAssured.BDD.ResponseBodyValidation" name="hasKeyValidation" time="0.230"/>
  <testcase classname="com.restAssured.BDD.ResponseBodyValidation" name="containsMethodValidation" time="3.947"/>
  <testcase classname="com.restAssured.BDD.ResponseBodyValidation" name="hasItemsValidation" time="0.213"/>
</testsuite> <!-- com.restAssured.BDD.ResponseBodyValidation -->
