<?xml version="1.0" encoding="UTF-8"?>
<!-- Generated by org.testng.reporters.JUnitReportReporter -->
<testsuite hostname="Rajiv" failures="0" tests="1" name="clientRough.MyClient" time="0.023" errors="0" timestamp="09 Jan 2022 14:38:46 GMT" skipped="0">
  <testcase classname="clientRough.MyClient" name="Test1" time="0.023"/>
</testsuite> <!-- clientRough.MyClient -->
