<?xml version="1.0" encoding="UTF-8"?>
<!-- Generated by org.testng.reporters.JUnitReportReporter -->
<testsuite hostname="Rajiv" failures="0" tests="2" name="Homework.Maruti" time="0.026" errors="0" timestamp="09 Jan 2022 14:07:52 GMT" skipped="0">
  <testcase classname="Homework.Maruti" name="mTest2" time="0.016"/>
  <testcase classname="Homework.Maruti" name="carTest" time="0.010"/>
</testsuite> <!-- Homework.Maruti -->
