<?xml version="1.0" encoding="UTF-8"?>
<!-- Generated by org.testng.reporters.JUnitReportReporter -->
<testsuite hostname="Rajiv" failures="0" tests="1" name="roughWork2.client" time="0.020" errors="0" timestamp="15 Jan 2022 07:33:51 GMT" skipped="0">
  <testcase classname="roughWork2.client" name="client" time="0.020"/>
</testsuite> <!-- roughWork2.client -->
