<?xml version="1.0" encoding="UTF-8"?>
<!-- Generated by org.testng.reporters.JUnitReportReporter -->
<testsuite hostname="Rajiv" failures="0" tests="2" name="com.restAssured.BDD.ComplexJason" time="4.552" errors="0" timestamp="25 Feb 2022 18:52:29 GMT" skipped="1">
  <testcase classname="com.restAssured.BDD.ComplexJason" name="ResponseValidation" time="4.552"/>
  <testcase classname="com.restAssured.BDD.ComplexJason" name="complexJasonDataTest">
    <skipped/>
  </testcase> <!-- complexJasonDataTest -->
</testsuite> <!-- com.restAssured.BDD.ComplexJason -->
