<?xml version="1.0" encoding="UTF-8"?>
<!-- Generated by org.testng.reporters.JUnitReportReporter -->
<testsuite hostname="Rajiv" failures="0" tests="1" name="com.restAssured.BDD.ResponseBodyValidation2" time="3.801" errors="0" timestamp="25 Feb 2022 19:12:46 GMT" skipped="0">
  <testcase classname="com.restAssured.BDD.ResponseBodyValidation2" name="responseValidation" time="3.801"/>
</testsuite> <!-- com.restAssured.BDD.ResponseBodyValidation2 -->
